<?xml version="1.0" encoding="UTF-8"?>
<test-data>
    <test-code>
        <description><![CDATA[
Contains test, no @Test
     ]]></description>
        <expected-problems>1</expected-problems>
        <code><![CDATA[
public class Foo extends TestCase{
    public void testFoo() {
    }
}
     ]]></code>
    </test-code>
    <test-code>
        <description><![CDATA[
OK
     ]]></description>
        <expected-problems>0</expected-problems>
        <code><![CDATA[
public class Foo extends TestCase{
    @Test
    public void testFoo() {
    }
}
     ]]></code>
    </test-code>
    <test-code>
        <description><![CDATA[
OK, renamed test
     ]]></description>
        <expected-problems>0</expected-problems>
        <code><![CDATA[
public class Foo extends TestCase{
    @Test
    public void foo() {
    }
}
     ]]></code>
    </test-code>
    <test-code>
        <description><![CDATA[
One test propper, the other incorrect
     ]]></description>
        <expected-problems>1</expected-problems>
        <code><![CDATA[
public class Foo extends TestCase{
    public void testFoo() {
    }
    @Test
    public void foo() {
    }
}
     ]]></code>
    </test-code>
    <test-code>
        <description><![CDATA[
Two tests
     ]]></description>
        <expected-problems>2</expected-problems>
        <code><![CDATA[
public class Foo extends TestCase{
    public void testOne() {
    }
    public void testTwo() {
    }
}
     ]]></code>
    </test-code>
</test-data>