<?xml version="1.0" encoding="UTF-8"?>
<test-data>
    <test-code>
        <description><![CDATA[
nonstatic is bad
     ]]></description>
        <expected-problems>1</expected-problems>
        <code><![CDATA[
public class Foo {
 public TestSuite suite() {}
}
     ]]></code>
    </test-code>
    <test-code>
        <description><![CDATA[
public static with no params is OK
     ]]></description>
        <expected-problems>0</expected-problems>
        <code><![CDATA[
public class Foo {
 public static TestSuite suite() {}
}
     ]]></code>
    </test-code>
    <test-code>
        <description><![CDATA[
private suite() is bad
     ]]></description>
        <expected-problems>1</expected-problems>
        <code><![CDATA[
public class Foo {
 private static TestSuite suite() {}
}
     ]]></code>
    </test-code>
    <test-code>
        <description><![CDATA[
if there are params, just skip it
     ]]></description>
        <expected-problems>0</expected-problems>
        <code><![CDATA[
public class Foo {
 protected static Test suite(Foo foo) {}
}
     ]]></code>
    </test-code>
</test-data>