<?xml version="1.0" encoding="UTF-8"?>
<test-data>
    <test-code>
        <description><![CDATA[
Contains setUp
     ]]></description>
        <expected-problems>1</expected-problems>
        <code><![CDATA[
public class Foo {
    public void setUp() {
    }
    @Test
    public void foo() {
    }
}
     ]]></code>
    </test-code>
    <test-code>
        <description><![CDATA[
Contains @setUp
     ]]></description>
        <expected-problems>0</expected-problems>
        <code><![CDATA[
public class Foo {
    @Before
    public void setUp() {
    }
    @Test
    public void foo() {
    }
}
     ]]></code>
    </test-code>
    <test-code>
        <description><![CDATA[
Renamed setup
     ]]></description>
        <expected-problems>0</expected-problems>
        <code><![CDATA[
public class Foo {
    @Before
    public void configure() {
    }
    @Test
    public void foo() {
    }
}
     ]]></code>
    </test-code>
</test-data>