<?xml version="1.0" encoding="UTF-8"?>
<test-data>
    <test-code>
        <description><![CDATA[
Contains tearDown
     ]]></description>
        <expected-problems>1</expected-problems>
        <code><![CDATA[
public class Foo {
    public void tearDown() {
    }
    @Test
    public void foo() {
    }
}
     ]]></code>
    </test-code>
    <test-code>
        <description><![CDATA[
Contains @tearDown
     ]]></description>
        <expected-problems>0</expected-problems>
        <code><![CDATA[
public class Foo {
    @After
    public void tearDown() {
    }
    @Test
    public void foo() {
    }
}
     ]]></code>
    </test-code>
    <test-code>
        <description><![CDATA[
Renamed tearDown
     ]]></description>
        <expected-problems>0</expected-problems>
        <code><![CDATA[
public class Foo {
    @After
    public void clean() {
    }
    @Test
    public void foo() {
    }
}
     ]]></code>
    </test-code>
</test-data>