<?xml version="1.0" encoding="UTF-8"?>
<test-data>
    <test-code>
        <description><![CDATA[
assertEquals ok
     ]]></description>
        <expected-problems>0</expected-problems>
        <code><![CDATA[
import junit.framework.TestCase;
public class Foo extends TestCase {
 public void test1() {
  assertEquals("1 == 1", 1, 1);
 }
}
     ]]></code>
    </test-code>
    <test-code>
        <description><![CDATA[
assertEquals bad
     ]]></description>
        <expected-problems>1</expected-problems>
        <code><![CDATA[
import junit.framework.TestCase;
public class Foo extends TestCase {
 public void test1() {
  assertEquals(1, 1);
 }
}
     ]]></code>
    </test-code>
    <test-code>
        <description><![CDATA[
assertTrue ok
     ]]></description>
        <expected-problems>0</expected-problems>
        <code><![CDATA[
import junit.framework.TestCase;
public class Foo extends TestCase {
 public void test1() {
  assertTrue("foo", "foo".equals("foo"));
 }
}
     ]]></code>
    </test-code>
    <test-code>
        <description><![CDATA[
assertTrue bad
     ]]></description>
        <expected-problems>1</expected-problems>
        <code><![CDATA[
import junit.framework.TestCase;
public class Foo extends TestCase {
 public void test1() {
  assertTrue("foo".equals("foo"));
 }
}
     ]]></code>
    </test-code>
    <test-code>
        <description><![CDATA[
assertNull OK
     ]]></description>
        <expected-problems>0</expected-problems>
        <code><![CDATA[
import junit.framework.TestCase;
public class Foo extends TestCase {
 public void test1() {
  assertNull("it's not null", null);
 }
}
     ]]></code>
    </test-code>
    <test-code>
        <description><![CDATA[
assertNull bad
     ]]></description>
        <expected-problems>1</expected-problems>
        <code><![CDATA[
import junit.framework.TestCase;
public class Foo extends TestCase {
 public void test1() {
  assertNull(null);
 }
}
     ]]></code>
    </test-code>
    <test-code>
        <description><![CDATA[
assertSame OK
     ]]></description>
        <expected-problems>0</expected-problems>
        <code><![CDATA[
import junit.framework.TestCase;
public class Foo extends TestCase {
 public void test1() {
  assertSame("not same!", null, null);
 }
}
     ]]></code>
    </test-code>
    <test-code>
        <description><![CDATA[
assertSame badd
     ]]></description>
        <expected-problems>1</expected-problems>
        <code><![CDATA[
import junit.framework.TestCase;
public class Foo extends TestCase {
 public void test1() {
  assertSame(null, null);
 }
}
     ]]></code>
    </test-code>
    <test-code>
        <description><![CDATA[
assertNotNull OK
     ]]></description>
        <expected-problems>0</expected-problems>
        <code><![CDATA[
import junit.framework.TestCase;
public class Foo extends TestCase {
 public void test1() {
  assertNotNull("foo", null);
 }
}
     ]]></code>
    </test-code>
    <test-code>
        <description><![CDATA[
assertNotNull bad
     ]]></description>
        <expected-problems>1</expected-problems>
        <code><![CDATA[
import junit.framework.TestCase;
public class Foo extends TestCase {
 public void test1() {
  assertNotNull(null);
 }
}
     ]]></code>
    </test-code>
    <test-code>
        <description><![CDATA[
find that pesky bug
     ]]></description>
        <expected-problems>0</expected-problems>
        <code><![CDATA[
import junit.framework.TestCase;
public class Foo extends TestCase {
 public void test1() {
  this.test1("foo");
 }
}
     ]]></code>
    </test-code>
    <test-code>
        <description><![CDATA[
assertFalse ok
     ]]></description>
        <expected-problems>0</expected-problems>
        <code><![CDATA[
import junit.framework.TestCase;
public class Foo extends TestCase {
 public void testBar() {
  assertFalse("foo!", "foo".equals("foo"));
 }
}
     ]]></code>
    </test-code>
    <test-code>
        <description><![CDATA[
assertFalse bad
     ]]></description>
        <expected-problems>1</expected-problems>
        <code><![CDATA[
import junit.framework.TestCase;
public class Foo extends TestCase {
 public void testBar() {
  assertFalse("foo".equals("foo"));
 }
}
     ]]></code>
    </test-code>
    <test-code>
        <description><![CDATA[
Not a JUnit test - assertEquals bad
     ]]></description>
        <expected-problems>0</expected-problems>
        <code><![CDATA[
public class Foo {
 public void test1() {
  assertEquals(1, 1);
 }
}
     ]]></code>
    </test-code>
    <test-code>
        <description><![CDATA[
JUnit 4 - assertEquals
     ]]></description>
        <expected-problems>1</expected-problems>
        <code><![CDATA[
import org.junit.Test;
public class Foo {
 @Test
 public void foo() {
  assertEquals(1, 1);
 } 
}
     ]]></code>
    </test-code>
</test-data>