<?xml version="1.0" encoding="UTF-8"?>
<schema>
 <field id="test"    type="AFS" length="80" />
 <field id="trace"   type="N"   length="6" />
</schema>
